<?xml version="1.0" encoding="UTF-8"?>
<!-- Generated by org.testng.reporters.JUnitXMLReporter -->
<testsuite hostname="KPs-HP" ignored="0" name="Regression Test" tests="3" failures="0" timestamp="2022-12-16T20:17:48 GMT" time="38.086" errors="0">
  <testcase name="anAustralianCominToUKForTourism" time="2.19" classname="gov.uk.check.visa.testsuite.VisaConfirmationTest"/>
  <testcase name="aChileanComingToTheUKForWorkAndPlansOnStayingForLongerThanSixMonths" time="3.334" classname="gov.uk.check.visa.testsuite.VisaConfirmationTest"/>
  <testcase name="aColumbianNationalComingToTheUKToJoinAPartnerForALongStayTheyDoHaveAnArticle10Or20Card" time="2.487" classname="gov.uk.check.visa.testsuite.VisaConfirmationTest"/>
</testsuite> <!-- Regression Test -->
